{
  "stats": {
    "suites": 1,
    "tests": 1,
    "passes": 1,
    "pending": 0,
    "failures": 0,
    "start": "2021-10-18T01:12:41.518Z",
    "end": "2021-10-18T01:12:50.707Z",
    "duration": 9189,
    "testsRegistered": 1,
    "passPercent": 100,
    "pendingPercent": 0,
    "other": 0,
    "hasOther": false,
    "skipped": 0,
    "hasSkipped": false
  },
  "results": [
    {
      "uuid": "bf383947-b28e-4cba-94c2-91959e4c18c3",
      "title": "",
      "fullFile": "cypress/integration/cadastro.spec.js",
      "file": "cypress/integration/cadastro.spec.js",
      "beforeHooks": [],
      "afterHooks": [],
      "tests": [],
      "suites": [
        {
          "uuid": "4372687e-c144-465a-af64-edba4dd4eac4",
          "title": "Cadastro",
          "fullFile": "",
          "file": "",
          "beforeHooks": [],
          "afterHooks": [],
          "tests": [
            {
              "title": "Quando eu informar os dados e finalizar, então o cadastro deve ser efetuado",
              "fullTitle": "Cadastro Quando eu informar os dados e finalizar, então o cadastro deve ser efetuado",
              "timedOut": null,
              "duration": 6209,
              "state": "passed",
              "speed": "slow",
              "pass": true,
              "fail": false,
              "pending": false,
              "context": null,
              "code": "cy.visit('https://form-agilizei.netlify.app');\ncy.get('input[name=firstName]').type(chance.first());\ncy.get('input[name=lastName]').type(chance.last());\ncy.get('textarea[name=adress]').type(chance.address());\ncy.get('input[name=emailAdress]').type(chance.email());\ncy.get('input[value=n]').check();\ncy.get('input[type=checkbox]').check('Netflix');\ncy.get('input[type=checkbox]').check('Dormir');\ncy.get('select#countries').select('Dinamarca', {\n  force: true\n});\ncy.get('select#years').select('2006', {\n  force: true\n});\ncy.get('select#months').select('Janeiro', {\n  force: true\n});\ncy.get('select#days').select('8', {\n  force: true\n});\ncy.get('input#firstpassword').type('Alunos@2021');\ncy.get('input#secondpassword').type('Alunos@2021');\ncy.contains('Finalizar cadastro').click();\ncy.url().should('contain', 'listagem');",
              "err": {},
              "uuid": "80a8a9fc-df88-4e85-b106-8115e8f524df",
              "parentUUID": "4372687e-c144-465a-af64-edba4dd4eac4",
              "isHook": false,
              "skipped": false
            }
          ],
          "suites": [],
          "passes": [
            "80a8a9fc-df88-4e85-b106-8115e8f524df"
          ],
          "failures": [],
          "pending": [],
          "skipped": [],
          "duration": 6209,
          "root": false,
          "rootEmpty": false,
          "_timeout": 2000
        }
      ],
      "passes": [],
      "failures": [],
      "pending": [],
      "skipped": [],
      "duration": 0,
      "root": true,
      "rootEmpty": true,
      "_timeout": 2000
    }
  ],
  "meta": {
    "mocha": {
      "version": "7.0.1"
    },
    "mochawesome": {
      "options": {
        "quiet": true,
        "reportFilename": "mochawesome",
        "saveHtml": false,
        "saveJson": true,
        "consoleReporter": "spec",
        "useInlineDiffs": false,
        "code": true
      },
      "version": "6.3.1"
    },
    "marge": {
      "options": {
        "id": "default",
        "reportDir": "mochawesome-report",
        "quiet": true,
        "overwrite": false,
        "html": false,
        "json": true
      },
      "version": "5.2.0"
    }
  }
}